<?xml version="1.0" encoding="UTF-8"?>
<!-- Generated by org.testng.reporters.JUnitXMLReporter -->
<testsuite ignored="0" hostname="FEUJI-V012D" failures="0" tests="3" name="Default test" time="90.133" errors="0" timestamp="2024-01-30T12:34:19 IST">
  <testcase classname="com.podcast.PodcastApp" name="welcomePage" time="26.738"/>
  <testcase classname="com.podcast.PodcastApp" name="addingFavorites" time="11.382"/>
  <testcase classname="com.podcast.PodcastApp" name="AddingListenLater" time="51.169"/>
</testsuite> <!-- Default test -->
