<?xml version="1.0" encoding="UTF-8"?>
<testng-results ignored="0" total="3" passed="3" failed="0" skipped="0">
  <reporter-output>
  </reporter-output>
  <suite started-at="2024-01-30T12:32:49 IST" name="Default suite" finished-at="2024-01-30T12:34:19 IST" duration-ms="90133">
    <groups>
    </groups>
    <test started-at="2024-01-30T12:32:49 IST" name="Default test" finished-at="2024-01-30T12:34:19 IST" duration-ms="90133">
      <class name="com.podcast.PodcastApp">
        <test-method is-config="true" signature="setUp()[pri:0, instance:com.podcast.PodcastApp@3f4faf53]" started-at="2024-01-30T12:32:32 IST" name="setUp" finished-at="2024-01-30T12:32:49 IST" duration-ms="16733" status="PASS">
          <reporter-output>
          </reporter-output>
        </test-method> <!-- setUp -->
        <test-method is-config="true" signature="startReport()[pri:0, instance:com.podcast.PodcastApp@3f4faf53]" started-at="2024-01-30T12:32:49 IST" name="startReport" finished-at="2024-01-30T12:32:50 IST" duration-ms="471" status="PASS">
          <reporter-output>
          </reporter-output>
        </test-method> <!-- startReport -->
        <test-method is-config="true" signature="pagesInitilization()[pri:0, instance:com.podcast.PodcastApp@3f4faf53]" started-at="2024-01-30T12:32:50 IST" name="pagesInitilization" finished-at="2024-01-30T12:32:50 IST" depends-on-methods="com.base.Capabilities.startReport" duration-ms="1" status="PASS">
          <reporter-output>
          </reporter-output>
        </test-method> <!-- pagesInitilization -->
        <test-method signature="welcomePage()[pri:1, instance:com.podcast.PodcastApp@3f4faf53]" started-at="2024-01-30T12:32:50 IST" name="welcomePage" description="Starting page in Podcast App" finished-at="2024-01-30T12:33:16 IST" duration-ms="26738" status="PASS">
          <reporter-output>
          </reporter-output>
        </test-method> <!-- welcomePage -->
        <test-method signature="addingFavorites()[pri:2, instance:com.podcast.PodcastApp@3f4faf53]" started-at="2024-01-30T12:33:16 IST" name="addingFavorites" description="Adding podcasts to favorites" finished-at="2024-01-30T12:33:28 IST" duration-ms="11382" status="PASS">
          <reporter-output>
          </reporter-output>
        </test-method> <!-- addingFavorites -->
        <test-method signature="AddingListenLater()[pri:3, instance:com.podcast.PodcastApp@3f4faf53]" started-at="2024-01-30T12:33:28 IST" name="AddingListenLater" description="Adding podcats to listen later" finished-at="2024-01-30T12:34:19 IST" duration-ms="51169" status="PASS">
          <reporter-output>
          </reporter-output>
        </test-method> <!-- AddingListenLater -->
        <test-method is-config="true" signature="endReport()[pri:0, instance:com.podcast.PodcastApp@3f4faf53]" started-at="2024-01-30T12:34:19 IST" name="endReport" finished-at="2024-01-30T12:34:19 IST" duration-ms="320" status="PASS">
          <reporter-output>
          </reporter-output>
        </test-method> <!-- endReport -->
        <test-method is-config="true" signature="tearDown()[pri:0, instance:com.podcast.PodcastApp@3f4faf53]" started-at="2024-01-30T12:34:19 IST" name="tearDown" finished-at="2024-01-30T12:34:20 IST" duration-ms="1238" status="PASS">
          <reporter-output>
          </reporter-output>
        </test-method> <!-- tearDown -->
      </class> <!-- com.podcast.PodcastApp -->
    </test> <!-- Default test -->
  </suite> <!-- Default suite -->
</testng-results>
